<?xml version="1.0" encoding="UTF-8"?>
<testng-results ignored="0" total="2" passed="2" failed="0" skipped="0">
  <reporter-output>
  </reporter-output>
  <suite started-at="2021-07-21T21:31:55 GST" name="Suite" finished-at="2021-07-21T21:31:59 GST" duration-ms="3305">
    <groups>
    </groups>
    <test started-at="2021-07-21T21:31:55 GST" name="Test" finished-at="2021-07-21T21:31:59 GST" duration-ms="3305">
      <class name="Test.API">
        <test-method signature="Get_Request()[pri:0, instance:Test.API@1b11171f]" started-at="2021-07-21T21:31:55 GST" name="Get_Request" finished-at="2021-07-21T21:31:58 GST" duration-ms="2553" status="PASS">
          <reporter-output>
          </reporter-output>
        </test-method> <!-- Get_Request -->
        <test-method signature="Post_Request()[pri:1, instance:Test.API@1b11171f]" started-at="2021-07-21T21:31:58 GST" name="Post_Request" finished-at="2021-07-21T21:31:59 GST" duration-ms="652" status="PASS">
          <reporter-output>
          </reporter-output>
        </test-method> <!-- Post_Request -->
      </class> <!-- Test.API -->
    </test> <!-- Test -->
  </suite> <!-- Suite -->
</testng-results>
